10:02:23.031 INFO - Selenium build info: version: '3.7.1', revision: '8a0099a'
10:02:23.032 INFO - Launching a standalone Selenium Server
2017-12-20 10:02:23.058:INFO::main: Logging initialized @305ms to org.seleniumhq.jetty9.util.log.StdErrLog
10:02:23.094 INFO - Driver class not found: com.opera.core.systems.OperaDriver
10:02:23.110 INFO - Driver provider class org.openqa.selenium.safari.SafariDriver registration is skipped:
 registration capabilities Capabilities {browserName: safari, platform: MAC, version: } does not match the current platform WIN10
10:02:23.159 INFO - Using the passthrough mode handler
2017-12-20 10:02:23.175:INFO:osjs.Server:main: jetty-9.4.5.v20170502
2017-12-20 10:02:23.190:WARN:osjs.SecurityHandler:main: ServletContext@o.s.j.s.ServletContextHandler@7c83dc97{/,null,STARTING} has uncovered http methods for path: /
2017-12-20 10:02:23.190:INFO:osjsh.ContextHandler:main: Started o.s.j.s.ServletContextHandler@7c83dc97{/,null,AVAILABLE}
2017-12-20 10:02:23.274:INFO:osjs.AbstractConnector:main: Started ServerConnector@25fb8912{HTTP/1.1,[http/1.1]}{0.0.0.0:4444}
2017-12-20 10:02:23.274:INFO:osjs.Server:main: Started @534ms
10:02:23.274 INFO - Selenium Server is up and running
2017-12-20 10:02:23.506:INFO:osjshC.ROOT:qtp135184888-14: org.openqa.selenium.remote.server.WebDriverServlet-217ed35e: Initialising WebDriverServlet
10:02:23.575 INFO - Found handler: org.openqa.selenium.remote.server.commandhandler.BeginSession@62ea1c93
10:02:23.575 INFO - /session: Executing POST on /session (handler: BeginSession)
10:02:23.644 INFO - Capabilities are: Capabilities {acceptSslCerts: true, browserName: chrome, javascriptEnabled: true, name: Tests}
10:02:23.659 INFO - Capabilities {acceptSslCerts: true, browserName: chrome, javascriptEnabled: true, name: Tests} matched class org.openqa.selenium.remote.server.ServicedSession$Factory (provider: org.openqa.selenium.chrome.ChromeDriverService)
Starting ChromeDriver 2.33.506120 (e3e53437346286c0bc2d2dc9aa4915ba81d9023f) on port 3122
Only local connections are allowed.
10:02:25.924 INFO - Detected dialect: OSS
10:02:26.146 INFO - Found handler: org.openqa.selenium.remote.server.ServicedSession@6d2e6af6
10:02:26.146 INFO - Handler thread for session 3941f902eeaf7a6991402a357d5f8b85 (chrome): Executing POST on /session/3941f902eeaf7a6991402a357d5f8b85/url (handler: ServicedSession)
10:02:26.146 INFO - To upstream: {"url":"http://localhost:3000"}
10:02:26.639 INFO - To downstream: {"sessionId":"3941f902eeaf7a6991402a357d5f8b85","status":0,"value":null}
10:02:26.644 INFO - Found handler: org.openqa.selenium.remote.server.ServicedSession@6d2e6af6
10:02:26.644 INFO - Handler thread for session 3941f902eeaf7a6991402a357d5f8b85 (chrome): Executing POST on /session/3941f902eeaf7a6991402a357d5f8b85/elements (handler: ServicedSession)
10:02:26.646 INFO - To upstream: {"using":"css selector","value":"span[class=\"titleText\"]"}
10:02:26.659 INFO - To downstream: {"sessionId":"3941f902eeaf7a6991402a357d5f8b85","status":0,"value":[{"ELEMENT":"0.7661510707943906-1"}]}
10:02:26.663 INFO - Found handler: org.openqa.selenium.remote.server.ServicedSession@6d2e6af6
10:02:26.663 INFO - Handler thread for session 3941f902eeaf7a6991402a357d5f8b85 (chrome): Executing GET on /session/3941f902eeaf7a6991402a357d5f8b85/element/0.7661510707943906-1/text (handler: ServicedSession)
10:02:26.679 INFO - To downstream: {"sessionId":"3941f902eeaf7a6991402a357d5f8b85","status":0,"value":"Employee Manager"}
10:02:26.687 INFO - Found handler: org.openqa.selenium.remote.server.ServicedSession@6d2e6af6
10:02:26.687 INFO - Handler thread for session 3941f902eeaf7a6991402a357d5f8b85 (chrome): Executing POST on /session/3941f902eeaf7a6991402a357d5f8b85/elements (handler: ServicedSession)
10:02:26.687 INFO - To upstream: {"using":"css selector","value":"p[id=\"noEmployee\"]"}
10:02:26.691 INFO - To downstream: {"sessionId":"3941f902eeaf7a6991402a357d5f8b85","status":0,"value":[{"ELEMENT":"0.7661510707943906-2"}]}
10:02:26.691 INFO - Found handler: org.openqa.selenium.remote.server.ServicedSession@6d2e6af6
10:02:26.691 INFO - Handler thread for session 3941f902eeaf7a6991402a357d5f8b85 (chrome): Executing GET on /session/3941f902eeaf7a6991402a357d5f8b85/element/0.7661510707943906-2/text (handler: ServicedSession)
10:02:26.723 INFO - To downstream: {"sessionId":"3941f902eeaf7a6991402a357d5f8b85","status":0,"value":"No Employee Selected"}
10:02:26.729 INFO - Found handler: org.openqa.selenium.remote.server.ServicedSession@6d2e6af6
10:02:26.729 INFO - Handler thread for session 3941f902eeaf7a6991402a357d5f8b85 (chrome): Executing POST on /session/3941f902eeaf7a6991402a357d5f8b85/elements (handler: ServicedSession)
10:02:26.730 INFO - To upstream: {"using":"css selector","value":"li[name=\"employee1\"]"}
10:02:26.746 INFO - To downstream: {"sessionId":"3941f902eeaf7a6991402a357d5f8b85","status":0,"value":[{"ELEMENT":"0.7661510707943906-3"}]}
10:02:26.749 INFO - Found handler: org.openqa.selenium.remote.server.ServicedSession@6d2e6af6
10:02:26.749 INFO - Handler thread for session 3941f902eeaf7a6991402a357d5f8b85 (chrome): Executing GET on /session/3941f902eeaf7a6991402a357d5f8b85/element/0.7661510707943906-3/displayed (handler: ServicedSession)
10:02:26.764 INFO - To downstream: {"sessionId":"3941f902eeaf7a6991402a357d5f8b85","status":0,"value":true}
10:02:26.769 INFO - Found handler: org.openqa.selenium.remote.server.ServicedSession@6d2e6af6
10:02:26.769 INFO - Handler thread for session 3941f902eeaf7a6991402a357d5f8b85 (chrome): Executing POST on /session/3941f902eeaf7a6991402a357d5f8b85/elements (handler: ServicedSession)
10:02:26.770 INFO - To upstream: {"using":"css selector","value":"li[name=\"employee1\"]"}
10:02:26.778 INFO - To downstream: {"sessionId":"3941f902eeaf7a6991402a357d5f8b85","status":0,"value":[{"ELEMENT":"0.7661510707943906-3"}]}
10:02:26.778 INFO - Found handler: org.openqa.selenium.remote.server.ServicedSession@6d2e6af6
10:02:26.778 INFO - Handler thread for session 3941f902eeaf7a6991402a357d5f8b85 (chrome): Executing GET on /session/3941f902eeaf7a6991402a357d5f8b85/element/0.7661510707943906-3/text (handler: ServicedSession)
10:02:26.798 INFO - To downstream: {"sessionId":"3941f902eeaf7a6991402a357d5f8b85","status":0,"value":"Bernice Ortiz"}
10:02:26.806 INFO - Found handler: org.openqa.selenium.remote.server.ServicedSession@6d2e6af6
10:02:26.806 INFO - Handler thread for session 3941f902eeaf7a6991402a357d5f8b85 (chrome): Executing POST on /session/3941f902eeaf7a6991402a357d5f8b85/element (handler: ServicedSession)
10:02:26.807 INFO - To upstream: {"using":"css selector","value":"li[name=\"employee1\"]"}
10:02:26.821 INFO - To downstream: {"sessionId":"3941f902eeaf7a6991402a357d5f8b85","status":0,"value":{"ELEMENT":"0.7661510707943906-3"}}
10:02:26.824 INFO - Found handler: org.openqa.selenium.remote.server.ServicedSession@6d2e6af6
10:02:26.824 INFO - Handler thread for session 3941f902eeaf7a6991402a357d5f8b85 (chrome): Executing POST on /session/3941f902eeaf7a6991402a357d5f8b85/element/0.7661510707943906-3/click (handler: ServicedSession)
10:02:26.826 INFO - To upstream: 
10:02:26.882 INFO - To downstream: {"sessionId":"3941f902eeaf7a6991402a357d5f8b85","status":0,"value":null}
10:02:27.885 INFO - Found handler: org.openqa.selenium.remote.server.ServicedSession@6d2e6af6
10:02:27.885 INFO - Handler thread for session 3941f902eeaf7a6991402a357d5f8b85 (chrome): Executing POST on /session/3941f902eeaf7a6991402a357d5f8b85/elements (handler: ServicedSession)
10:02:27.885 INFO - To upstream: {"using":"css selector","value":"input[name=\"nameEntry\"]"}
10:02:27.931 INFO - To downstream: {"sessionId":"3941f902eeaf7a6991402a357d5f8b85","status":0,"value":[{"ELEMENT":"0.7661510707943906-4"}]}
10:02:27.931 INFO - Found handler: org.openqa.selenium.remote.server.ServicedSession@6d2e6af6
10:02:27.931 INFO - Handler thread for session 3941f902eeaf7a6991402a357d5f8b85 (chrome): Executing GET on /session/3941f902eeaf7a6991402a357d5f8b85/element/0.7661510707943906-4/displayed (handler: ServicedSession)
10:02:27.969 INFO - To downstream: {"sessionId":"3941f902eeaf7a6991402a357d5f8b85","status":0,"value":true}
10:02:27.984 INFO - Found handler: org.openqa.selenium.remote.server.ServicedSession@6d2e6af6
10:02:27.984 INFO - Handler thread for session 3941f902eeaf7a6991402a357d5f8b85 (chrome): Executing POST on /session/3941f902eeaf7a6991402a357d5f8b85/element (handler: ServicedSession)
10:02:28.002 INFO - To upstream: {"using":"css selector","value":"input[name=\"nameEntry\"]"}
10:02:28.042 INFO - To downstream: {"sessionId":"3941f902eeaf7a6991402a357d5f8b85","status":0,"value":{"ELEMENT":"0.7661510707943906-4"}}
10:02:28.051 INFO - Found handler: org.openqa.selenium.remote.server.ServicedSession@6d2e6af6
10:02:28.052 INFO - Handler thread for session 3941f902eeaf7a6991402a357d5f8b85 (chrome): Executing POST on /session/3941f902eeaf7a6991402a357d5f8b85/element/0.7661510707943906-4/click (handler: ServicedSession)
10:02:28.055 INFO - To upstream: 
10:02:28.173 INFO - To downstream: {"sessionId":"3941f902eeaf7a6991402a357d5f8b85","status":0,"value":null}
10:02:29.187 INFO - Found handler: org.openqa.selenium.remote.server.ServicedSession@6d2e6af6
10:02:29.187 INFO - Handler thread for session 3941f902eeaf7a6991402a357d5f8b85 (chrome): Executing POST on /session/3941f902eeaf7a6991402a357d5f8b85/element (handler: ServicedSession)
10:02:29.187 INFO - To upstream: {"using":"css selector","value":"input[name=\"nameEntry\"]"}
10:02:29.202 INFO - To downstream: {"sessionId":"3941f902eeaf7a6991402a357d5f8b85","status":0,"value":{"ELEMENT":"0.7661510707943906-4"}}
10:02:29.223 INFO - Found handler: org.openqa.selenium.remote.server.ServicedSession@6d2e6af6
10:02:29.227 INFO - Handler thread for session 3941f902eeaf7a6991402a357d5f8b85 (chrome): Executing POST on /session/3941f902eeaf7a6991402a357d5f8b85/element/0.7661510707943906-4/clear (handler: ServicedSession)
10:02:29.227 INFO - To upstream: 
10:02:29.276 INFO - To downstream: {"sessionId":"3941f902eeaf7a6991402a357d5f8b85","status":0,"value":null}
10:02:29.280 INFO - Found handler: org.openqa.selenium.remote.server.ServicedSession@6d2e6af6
10:02:29.280 INFO - Handler thread for session 3941f902eeaf7a6991402a357d5f8b85 (chrome): Executing POST on /session/3941f902eeaf7a6991402a357d5f8b85/element (handler: ServicedSession)
10:02:29.284 INFO - To upstream: {"using":"css selector","value":"input[name=\"nameEntry\"]"}
10:02:29.292 INFO - To downstream: {"sessionId":"3941f902eeaf7a6991402a357d5f8b85","status":0,"value":{"ELEMENT":"0.7661510707943906-4"}}
10:02:29.300 INFO - Found handler: org.openqa.selenium.remote.server.ServicedSession@6d2e6af6
10:02:29.300 INFO - Handler thread for session 3941f902eeaf7a6991402a357d5f8b85 (chrome): Executing POST on /session/3941f902eeaf7a6991402a357d5f8b85/element/0.7661510707943906-4/value (handler: ServicedSession)
10:02:29.300 INFO - To upstream: {"value":["B","e","r","n","i","c","e"," ","O","r","t","i","s"]}
10:02:29.445 INFO - To downstream: {"sessionId":"3941f902eeaf7a6991402a357d5f8b85","status":0,"value":null}
10:02:29.450 INFO - Found handler: org.openqa.selenium.remote.server.ServicedSession@6d2e6af6
10:02:29.450 INFO - Handler thread for session 3941f902eeaf7a6991402a357d5f8b85 (chrome): Executing POST on /session/3941f902eeaf7a6991402a357d5f8b85/element (handler: ServicedSession)
10:02:29.453 INFO - To upstream: {"using":"css selector","value":"input[name=\"phoneEntry\"]"}
10:02:29.472 INFO - To downstream: {"sessionId":"3941f902eeaf7a6991402a357d5f8b85","status":0,"value":{"ELEMENT":"0.7661510707943906-5"}}
10:02:29.480 INFO - Found handler: org.openqa.selenium.remote.server.ServicedSession@6d2e6af6
10:02:29.480 INFO - Handler thread for session 3941f902eeaf7a6991402a357d5f8b85 (chrome): Executing POST on /session/3941f902eeaf7a6991402a357d5f8b85/element/0.7661510707943906-5/click (handler: ServicedSession)
10:02:29.484 INFO - To upstream: 
10:02:29.549 INFO - To downstream: {"sessionId":"3941f902eeaf7a6991402a357d5f8b85","status":0,"value":null}
10:02:29.554 INFO - Found handler: org.openqa.selenium.remote.server.ServicedSession@6d2e6af6
10:02:29.554 INFO - Handler thread for session 3941f902eeaf7a6991402a357d5f8b85 (chrome): Executing POST on /session/3941f902eeaf7a6991402a357d5f8b85/element (handler: ServicedSession)
10:02:29.555 INFO - To upstream: {"using":"css selector","value":"input[name=\"phoneEntry\"]"}
10:02:29.568 INFO - To downstream: {"sessionId":"3941f902eeaf7a6991402a357d5f8b85","status":0,"value":{"ELEMENT":"0.7661510707943906-5"}}
10:02:29.572 INFO - Found handler: org.openqa.selenium.remote.server.ServicedSession@6d2e6af6
10:02:29.572 INFO - Handler thread for session 3941f902eeaf7a6991402a357d5f8b85 (chrome): Executing POST on /session/3941f902eeaf7a6991402a357d5f8b85/element/0.7661510707943906-5/clear (handler: ServicedSession)
10:02:29.572 INFO - To upstream: 
10:02:29.600 INFO - To downstream: {"sessionId":"3941f902eeaf7a6991402a357d5f8b85","status":0,"value":null}
10:02:29.608 INFO - Found handler: org.openqa.selenium.remote.server.ServicedSession@6d2e6af6
10:02:29.612 INFO - Handler thread for session 3941f902eeaf7a6991402a357d5f8b85 (chrome): Executing POST on /session/3941f902eeaf7a6991402a357d5f8b85/element (handler: ServicedSession)
10:02:29.616 INFO - To upstream: {"using":"css selector","value":"input[name=\"phoneEntry\"]"}
10:02:29.632 INFO - To downstream: {"sessionId":"3941f902eeaf7a6991402a357d5f8b85","status":0,"value":{"ELEMENT":"0.7661510707943906-5"}}
10:02:29.642 INFO - Found handler: org.openqa.selenium.remote.server.ServicedSession@6d2e6af6
10:02:29.643 INFO - Handler thread for session 3941f902eeaf7a6991402a357d5f8b85 (chrome): Executing POST on /session/3941f902eeaf7a6991402a357d5f8b85/element/0.7661510707943906-5/value (handler: ServicedSession)
10:02:29.647 INFO - To upstream: {"value":["8","0","1","7","3","1","7","6","3","4"]}
10:02:29.854 INFO - To downstream: {"sessionId":"3941f902eeaf7a6991402a357d5f8b85","status":0,"value":null}
10:02:29.860 INFO - Found handler: org.openqa.selenium.remote.server.ServicedSession@6d2e6af6
10:02:29.860 INFO - Handler thread for session 3941f902eeaf7a6991402a357d5f8b85 (chrome): Executing POST on /session/3941f902eeaf7a6991402a357d5f8b85/element (handler: ServicedSession)
10:02:29.864 INFO - To upstream: {"using":"css selector","value":"input[name=\"titleEntry\"]"}
10:02:29.904 INFO - To downstream: {"sessionId":"3941f902eeaf7a6991402a357d5f8b85","status":0,"value":{"ELEMENT":"0.7661510707943906-6"}}
10:02:29.904 INFO - Found handler: org.openqa.selenium.remote.server.ServicedSession@6d2e6af6
10:02:29.904 INFO - Handler thread for session 3941f902eeaf7a6991402a357d5f8b85 (chrome): Executing POST on /session/3941f902eeaf7a6991402a357d5f8b85/element/0.7661510707943906-6/click (handler: ServicedSession)
10:02:29.904 INFO - To upstream: 
10:02:30.016 INFO - To downstream: {"sessionId":"3941f902eeaf7a6991402a357d5f8b85","status":0,"value":null}
10:02:30.024 INFO - Found handler: org.openqa.selenium.remote.server.ServicedSession@6d2e6af6
10:02:30.024 INFO - Handler thread for session 3941f902eeaf7a6991402a357d5f8b85 (chrome): Executing POST on /session/3941f902eeaf7a6991402a357d5f8b85/element (handler: ServicedSession)
10:02:30.028 INFO - To upstream: {"using":"css selector","value":"input[name=\"titleEntry\"]"}
10:02:30.049 INFO - To downstream: {"sessionId":"3941f902eeaf7a6991402a357d5f8b85","status":0,"value":{"ELEMENT":"0.7661510707943906-6"}}
10:02:30.056 INFO - Found handler: org.openqa.selenium.remote.server.ServicedSession@6d2e6af6
10:02:30.056 INFO - Handler thread for session 3941f902eeaf7a6991402a357d5f8b85 (chrome): Executing POST on /session/3941f902eeaf7a6991402a357d5f8b85/element/0.7661510707943906-6/clear (handler: ServicedSession)
10:02:30.056 INFO - To upstream: 
10:02:30.103 INFO - To downstream: {"sessionId":"3941f902eeaf7a6991402a357d5f8b85","status":0,"value":null}
10:02:31.120 INFO - Found handler: org.openqa.selenium.remote.server.ServicedSession@6d2e6af6
10:02:31.120 INFO - Handler thread for session 3941f902eeaf7a6991402a357d5f8b85 (chrome): Executing POST on /session/3941f902eeaf7a6991402a357d5f8b85/element (handler: ServicedSession)
10:02:31.120 INFO - To upstream: {"using":"css selector","value":"input[name=\"titleEntry\"]"}
10:02:31.135 INFO - To downstream: {"sessionId":"3941f902eeaf7a6991402a357d5f8b85","status":0,"value":{"ELEMENT":"0.7661510707943906-6"}}
10:02:31.155 INFO - Found handler: org.openqa.selenium.remote.server.ServicedSession@6d2e6af6
10:02:31.156 INFO - Handler thread for session 3941f902eeaf7a6991402a357d5f8b85 (chrome): Executing POST on /session/3941f902eeaf7a6991402a357d5f8b85/element/0.7661510707943906-6/value (handler: ServicedSession)
10:02:31.157 INFO - To upstream: {"value":["M","o"]}
10:02:31.252 INFO - To downstream: {"sessionId":"3941f902eeaf7a6991402a357d5f8b85","status":0,"value":null}
10:02:31.257 INFO - Found handler: org.openqa.selenium.remote.server.ServicedSession@6d2e6af6
10:02:31.257 INFO - Handler thread for session 3941f902eeaf7a6991402a357d5f8b85 (chrome): Executing POST on /session/3941f902eeaf7a6991402a357d5f8b85/element (handler: ServicedSession)
10:02:31.262 INFO - To upstream: {"using":"css selector","value":"button[name=\"save\"]"}
10:02:31.295 INFO - To downstream: {"sessionId":"3941f902eeaf7a6991402a357d5f8b85","status":0,"value":{"ELEMENT":"0.7661510707943906-7"}}
10:02:31.295 INFO - Found handler: org.openqa.selenium.remote.server.ServicedSession@6d2e6af6
10:02:31.295 INFO - Handler thread for session 3941f902eeaf7a6991402a357d5f8b85 (chrome): Executing POST on /session/3941f902eeaf7a6991402a357d5f8b85/element/0.7661510707943906-7/click (handler: ServicedSession)
10:02:31.295 INFO - To upstream: 
10:02:31.392 INFO - To downstream: {"sessionId":"3941f902eeaf7a6991402a357d5f8b85","status":0,"value":null}
10:02:32.402 INFO - Found handler: org.openqa.selenium.remote.server.ServicedSession@6d2e6af6
10:02:32.402 INFO - Handler thread for session 3941f902eeaf7a6991402a357d5f8b85 (chrome): Executing POST on /session/3941f902eeaf7a6991402a357d5f8b85/elements (handler: ServicedSession)
10:02:32.402 INFO - To upstream: {"using":"css selector","value":"p[id=\"employeeTitle\"]"}
10:02:32.433 INFO - To downstream: {"sessionId":"3941f902eeaf7a6991402a357d5f8b85","status":0,"value":[{"ELEMENT":"0.7661510707943906-8"}]}
10:02:32.449 INFO - Found handler: org.openqa.selenium.remote.server.ServicedSession@6d2e6af6
10:02:32.449 INFO - Handler thread for session 3941f902eeaf7a6991402a357d5f8b85 (chrome): Executing GET on /session/3941f902eeaf7a6991402a357d5f8b85/element/0.7661510707943906-8/text (handler: ServicedSession)
10:02:32.487 INFO - To downstream: {"sessionId":"3941f902eeaf7a6991402a357d5f8b85","status":0,"value":"Bernice Ortis"}
10:02:33.006 INFO - Found handler: org.openqa.selenium.remote.server.ServicedSession@6d2e6af6
10:02:33.006 INFO - Handler thread for session 3941f902eeaf7a6991402a357d5f8b85 (chrome): Executing POST on /session/3941f902eeaf7a6991402a357d5f8b85/elements (handler: ServicedSession)
10:02:33.006 INFO - To upstream: {"using":"css selector","value":"input[name=\"phoneEntry\"]"}
10:02:33.037 INFO - To downstream: {"sessionId":"3941f902eeaf7a6991402a357d5f8b85","status":0,"value":[{"ELEMENT":"0.7661510707943906-5"}]}
10:02:33.053 INFO - Found handler: org.openqa.selenium.remote.server.ServicedSession@6d2e6af6
10:02:33.053 INFO - Handler thread for session 3941f902eeaf7a6991402a357d5f8b85 (chrome): Executing GET on /session/3941f902eeaf7a6991402a357d5f8b85/element/0.7661510707943906-5/attribute/value (handler: ServicedSession)
10:02:33.073 INFO - To downstream: {"sessionId":"3941f902eeaf7a6991402a357d5f8b85","status":0,"value":"8017317634"}
10:02:33.075 INFO - Found handler: org.openqa.selenium.remote.server.ServicedSession@6d2e6af6
10:02:33.075 INFO - Handler thread for session 3941f902eeaf7a6991402a357d5f8b85 (chrome): Executing POST on /session/3941f902eeaf7a6991402a357d5f8b85/elements (handler: ServicedSession)
10:02:33.075 INFO - To upstream: {"using":"css selector","value":"input[name=\"titleEntry\"]"}
10:02:33.124 INFO - To downstream: {"sessionId":"3941f902eeaf7a6991402a357d5f8b85","status":0,"value":[{"ELEMENT":"0.7661510707943906-6"}]}
10:02:33.131 INFO - Found handler: org.openqa.selenium.remote.server.ServicedSession@6d2e6af6
10:02:33.132 INFO - Handler thread for session 3941f902eeaf7a6991402a357d5f8b85 (chrome): Executing GET on /session/3941f902eeaf7a6991402a357d5f8b85/element/0.7661510707943906-6/attribute/value (handler: ServicedSession)
10:02:33.151 INFO - To downstream: {"sessionId":"3941f902eeaf7a6991402a357d5f8b85","status":0,"value":"Mo"}
10:02:33.189 INFO - Found handler: org.openqa.selenium.remote.server.ServicedSession@6d2e6af6
10:02:33.189 INFO - Handler thread for session 3941f902eeaf7a6991402a357d5f8b85 (chrome): Executing POST on /session/3941f902eeaf7a6991402a357d5f8b85/url (handler: ServicedSession)
10:02:33.192 INFO - To upstream: {"url":"http://localhost:3000"}
10:02:33.329 INFO - To downstream: {"sessionId":"3941f902eeaf7a6991402a357d5f8b85","status":0,"value":null}
10:02:33.333 INFO - Found handler: org.openqa.selenium.remote.server.ServicedSession@6d2e6af6
10:02:33.333 INFO - Handler thread for session 3941f902eeaf7a6991402a357d5f8b85 (chrome): Executing POST on /session/3941f902eeaf7a6991402a357d5f8b85/elements (handler: ServicedSession)
10:02:33.333 INFO - To upstream: {"using":"css selector","value":"span[class=\"titleText\"]"}
10:02:33.349 INFO - To downstream: {"sessionId":"3941f902eeaf7a6991402a357d5f8b85","status":0,"value":[{"ELEMENT":"0.688291735044064-1"}]}
10:02:33.353 INFO - Found handler: org.openqa.selenium.remote.server.ServicedSession@6d2e6af6
10:02:33.353 INFO - Handler thread for session 3941f902eeaf7a6991402a357d5f8b85 (chrome): Executing GET on /session/3941f902eeaf7a6991402a357d5f8b85/element/0.688291735044064-1/text (handler: ServicedSession)
10:02:33.375 INFO - To downstream: {"sessionId":"3941f902eeaf7a6991402a357d5f8b85","status":0,"value":"Employee Manager"}
10:02:33.375 INFO - Found handler: org.openqa.selenium.remote.server.ServicedSession@6d2e6af6
10:02:33.375 INFO - Handler thread for session 3941f902eeaf7a6991402a357d5f8b85 (chrome): Executing POST on /session/3941f902eeaf7a6991402a357d5f8b85/elements (handler: ServicedSession)
10:02:33.391 INFO - To upstream: {"using":"css selector","value":"p[id=\"noEmployee\"]"}
10:02:33.404 INFO - To downstream: {"sessionId":"3941f902eeaf7a6991402a357d5f8b85","status":0,"value":[{"ELEMENT":"0.688291735044064-2"}]}
10:02:33.410 INFO - Found handler: org.openqa.selenium.remote.server.ServicedSession@6d2e6af6
10:02:33.410 INFO - Handler thread for session 3941f902eeaf7a6991402a357d5f8b85 (chrome): Executing GET on /session/3941f902eeaf7a6991402a357d5f8b85/element/0.688291735044064-2/text (handler: ServicedSession)
10:02:33.439 INFO - To downstream: {"sessionId":"3941f902eeaf7a6991402a357d5f8b85","status":0,"value":"No Employee Selected"}
10:02:33.448 INFO - Found handler: org.openqa.selenium.remote.server.ServicedSession@6d2e6af6
10:02:33.449 INFO - Handler thread for session 3941f902eeaf7a6991402a357d5f8b85 (chrome): Executing POST on /session/3941f902eeaf7a6991402a357d5f8b85/elements (handler: ServicedSession)
10:02:33.451 INFO - To upstream: {"using":"css selector","value":"li[name=\"employee5\"]"}
10:02:33.477 INFO - To downstream: {"sessionId":"3941f902eeaf7a6991402a357d5f8b85","status":0,"value":[{"ELEMENT":"0.688291735044064-3"}]}
10:02:33.482 INFO - Found handler: org.openqa.selenium.remote.server.ServicedSession@6d2e6af6
10:02:33.482 INFO - Handler thread for session 3941f902eeaf7a6991402a357d5f8b85 (chrome): Executing GET on /session/3941f902eeaf7a6991402a357d5f8b85/element/0.688291735044064-3/displayed (handler: ServicedSession)
10:02:33.501 INFO - To downstream: {"sessionId":"3941f902eeaf7a6991402a357d5f8b85","status":0,"value":true}
10:02:33.501 INFO - Found handler: org.openqa.selenium.remote.server.ServicedSession@6d2e6af6
10:02:33.501 INFO - Handler thread for session 3941f902eeaf7a6991402a357d5f8b85 (chrome): Executing POST on /session/3941f902eeaf7a6991402a357d5f8b85/elements (handler: ServicedSession)
10:02:33.518 INFO - To upstream: {"using":"css selector","value":"li[name=\"employee5\"]"}
10:02:33.531 INFO - To downstream: {"sessionId":"3941f902eeaf7a6991402a357d5f8b85","status":0,"value":[{"ELEMENT":"0.688291735044064-3"}]}
10:02:33.536 INFO - Found handler: org.openqa.selenium.remote.server.ServicedSession@6d2e6af6
10:02:33.536 INFO - Handler thread for session 3941f902eeaf7a6991402a357d5f8b85 (chrome): Executing GET on /session/3941f902eeaf7a6991402a357d5f8b85/element/0.688291735044064-3/text (handler: ServicedSession)
10:02:33.568 INFO - To downstream: {"sessionId":"3941f902eeaf7a6991402a357d5f8b85","status":0,"value":"Dollie Berry"}
10:02:33.576 INFO - Found handler: org.openqa.selenium.remote.server.ServicedSession@6d2e6af6
10:02:33.576 INFO - Handler thread for session 3941f902eeaf7a6991402a357d5f8b85 (chrome): Executing POST on /session/3941f902eeaf7a6991402a357d5f8b85/element (handler: ServicedSession)
10:02:33.578 INFO - To upstream: {"using":"css selector","value":"li[name=\"employee5\"]"}
10:02:33.603 INFO - To downstream: {"sessionId":"3941f902eeaf7a6991402a357d5f8b85","status":0,"value":{"ELEMENT":"0.688291735044064-3"}}
10:02:33.608 INFO - Found handler: org.openqa.selenium.remote.server.ServicedSession@6d2e6af6
10:02:33.608 INFO - Handler thread for session 3941f902eeaf7a6991402a357d5f8b85 (chrome): Executing POST on /session/3941f902eeaf7a6991402a357d5f8b85/element/0.688291735044064-3/click (handler: ServicedSession)
10:02:33.610 INFO - To upstream: 
10:02:33.744 INFO - To downstream: {"sessionId":"3941f902eeaf7a6991402a357d5f8b85","status":0,"value":null}
10:02:34.748 INFO - Found handler: org.openqa.selenium.remote.server.ServicedSession@6d2e6af6
10:02:34.748 INFO - Handler thread for session 3941f902eeaf7a6991402a357d5f8b85 (chrome): Executing POST on /session/3941f902eeaf7a6991402a357d5f8b85/elements (handler: ServicedSession)
10:02:34.748 INFO - To upstream: {"using":"css selector","value":"input[name=\"nameEntry\"]"}
10:02:34.764 INFO - To downstream: {"sessionId":"3941f902eeaf7a6991402a357d5f8b85","status":0,"value":[{"ELEMENT":"0.688291735044064-4"}]}
10:02:34.782 INFO - Found handler: org.openqa.selenium.remote.server.ServicedSession@6d2e6af6
10:02:34.783 INFO - Handler thread for session 3941f902eeaf7a6991402a357d5f8b85 (chrome): Executing GET on /session/3941f902eeaf7a6991402a357d5f8b85/element/0.688291735044064-4/displayed (handler: ServicedSession)
10:02:34.817 INFO - To downstream: {"sessionId":"3941f902eeaf7a6991402a357d5f8b85","status":0,"value":true}
10:02:34.817 INFO - Found handler: org.openqa.selenium.remote.server.ServicedSession@6d2e6af6
10:02:34.817 INFO - Handler thread for session 3941f902eeaf7a6991402a357d5f8b85 (chrome): Executing POST on /session/3941f902eeaf7a6991402a357d5f8b85/element (handler: ServicedSession)
10:02:34.817 INFO - To upstream: {"using":"css selector","value":"input[name=\"nameEntry\"]"}
10:02:34.840 INFO - To downstream: {"sessionId":"3941f902eeaf7a6991402a357d5f8b85","status":0,"value":{"ELEMENT":"0.688291735044064-4"}}
10:02:34.844 INFO - Found handler: org.openqa.selenium.remote.server.ServicedSession@6d2e6af6
10:02:34.845 INFO - Handler thread for session 3941f902eeaf7a6991402a357d5f8b85 (chrome): Executing POST on /session/3941f902eeaf7a6991402a357d5f8b85/element/0.688291735044064-4/click (handler: ServicedSession)
10:02:34.847 INFO - To upstream: 
10:02:34.936 INFO - To downstream: {"sessionId":"3941f902eeaf7a6991402a357d5f8b85","status":0,"value":null}
10:02:35.945 INFO - Found handler: org.openqa.selenium.remote.server.ServicedSession@6d2e6af6
10:02:35.945 INFO - Handler thread for session 3941f902eeaf7a6991402a357d5f8b85 (chrome): Executing POST on /session/3941f902eeaf7a6991402a357d5f8b85/element (handler: ServicedSession)
10:02:35.945 INFO - To upstream: {"using":"css selector","value":"input[name=\"nameEntry\"]"}
10:02:35.960 INFO - To downstream: {"sessionId":"3941f902eeaf7a6991402a357d5f8b85","status":0,"value":{"ELEMENT":"0.688291735044064-4"}}
10:02:35.976 INFO - Found handler: org.openqa.selenium.remote.server.ServicedSession@6d2e6af6
10:02:35.976 INFO - Handler thread for session 3941f902eeaf7a6991402a357d5f8b85 (chrome): Executing POST on /session/3941f902eeaf7a6991402a357d5f8b85/element/0.688291735044064-4/clear (handler: ServicedSession)
10:02:35.976 INFO - To upstream: 
10:02:36.023 INFO - To downstream: {"sessionId":"3941f902eeaf7a6991402a357d5f8b85","status":0,"value":null}
10:02:36.027 INFO - Found handler: org.openqa.selenium.remote.server.ServicedSession@6d2e6af6
10:02:36.027 INFO - Handler thread for session 3941f902eeaf7a6991402a357d5f8b85 (chrome): Executing POST on /session/3941f902eeaf7a6991402a357d5f8b85/element (handler: ServicedSession)
10:02:36.031 INFO - To upstream: {"using":"css selector","value":"input[name=\"phoneEntry\"]"}
10:02:36.039 INFO - To downstream: {"sessionId":"3941f902eeaf7a6991402a357d5f8b85","status":0,"value":{"ELEMENT":"0.688291735044064-5"}}
10:02:36.043 INFO - Found handler: org.openqa.selenium.remote.server.ServicedSession@6d2e6af6
10:02:36.043 INFO - Handler thread for session 3941f902eeaf7a6991402a357d5f8b85 (chrome): Executing POST on /session/3941f902eeaf7a6991402a357d5f8b85/element/0.688291735044064-5/click (handler: ServicedSession)
10:02:36.047 INFO - To upstream: 
10:02:36.111 INFO - To downstream: {"sessionId":"3941f902eeaf7a6991402a357d5f8b85","status":0,"value":null}
10:02:36.119 INFO - Found handler: org.openqa.selenium.remote.server.ServicedSession@6d2e6af6
10:02:36.119 INFO - Handler thread for session 3941f902eeaf7a6991402a357d5f8b85 (chrome): Executing POST on /session/3941f902eeaf7a6991402a357d5f8b85/element (handler: ServicedSession)
10:02:36.123 INFO - To upstream: {"using":"css selector","value":"input[name=\"phoneEntry\"]"}
10:02:36.139 INFO - To downstream: {"sessionId":"3941f902eeaf7a6991402a357d5f8b85","status":0,"value":{"ELEMENT":"0.688291735044064-5"}}
10:02:36.147 INFO - Found handler: org.openqa.selenium.remote.server.ServicedSession@6d2e6af6
10:02:36.147 INFO - Handler thread for session 3941f902eeaf7a6991402a357d5f8b85 (chrome): Executing POST on /session/3941f902eeaf7a6991402a357d5f8b85/element/0.688291735044064-5/clear (handler: ServicedSession)
10:02:36.151 INFO - To upstream: 
10:02:36.198 INFO - To downstream: {"sessionId":"3941f902eeaf7a6991402a357d5f8b85","status":0,"value":null}
10:02:36.202 INFO - Found handler: org.openqa.selenium.remote.server.ServicedSession@6d2e6af6
10:02:36.202 INFO - Handler thread for session 3941f902eeaf7a6991402a357d5f8b85 (chrome): Executing POST on /session/3941f902eeaf7a6991402a357d5f8b85/element (handler: ServicedSession)
10:02:36.206 INFO - To upstream: {"using":"css selector","value":"input[name=\"titleEntry\"]"}
10:02:36.221 INFO - To downstream: {"sessionId":"3941f902eeaf7a6991402a357d5f8b85","status":0,"value":{"ELEMENT":"0.688291735044064-6"}}
10:02:36.221 INFO - Found handler: org.openqa.selenium.remote.server.ServicedSession@6d2e6af6
10:02:36.221 INFO - Handler thread for session 3941f902eeaf7a6991402a357d5f8b85 (chrome): Executing POST on /session/3941f902eeaf7a6991402a357d5f8b85/element/0.688291735044064-6/click (handler: ServicedSession)
10:02:36.221 INFO - To upstream: 
10:02:36.298 INFO - To downstream: {"sessionId":"3941f902eeaf7a6991402a357d5f8b85","status":0,"value":null}
10:02:36.302 INFO - Found handler: org.openqa.selenium.remote.server.ServicedSession@6d2e6af6
10:02:36.302 INFO - Handler thread for session 3941f902eeaf7a6991402a357d5f8b85 (chrome): Executing POST on /session/3941f902eeaf7a6991402a357d5f8b85/element (handler: ServicedSession)
10:02:36.302 INFO - To upstream: {"using":"css selector","value":"input[name=\"nameEntry\"]"}
10:02:36.314 INFO - To downstream: {"sessionId":"3941f902eeaf7a6991402a357d5f8b85","status":0,"value":{"ELEMENT":"0.688291735044064-4"}}
10:02:36.318 INFO - Found handler: org.openqa.selenium.remote.server.ServicedSession@6d2e6af6
10:02:36.318 INFO - Handler thread for session 3941f902eeaf7a6991402a357d5f8b85 (chrome): Executing POST on /session/3941f902eeaf7a6991402a357d5f8b85/element/0.688291735044064-4/value (handler: ServicedSession)
10:02:36.322 INFO - To upstream: {"value":["a","s","d","f","g"]}
10:02:36.402 INFO - To downstream: {"sessionId":"3941f902eeaf7a6991402a357d5f8b85","status":0,"value":null}
10:02:36.406 INFO - Found handler: org.openqa.selenium.remote.server.ServicedSession@6d2e6af6
10:02:36.406 INFO - Handler thread for session 3941f902eeaf7a6991402a357d5f8b85 (chrome): Executing POST on /session/3941f902eeaf7a6991402a357d5f8b85/element (handler: ServicedSession)
10:02:36.406 INFO - To upstream: {"using":"css selector","value":"input[name=\"titleEntry\"]"}
10:02:36.418 INFO - To downstream: {"sessionId":"3941f902eeaf7a6991402a357d5f8b85","status":0,"value":{"ELEMENT":"0.688291735044064-6"}}
10:02:36.422 INFO - Found handler: org.openqa.selenium.remote.server.ServicedSession@6d2e6af6
10:02:36.422 INFO - Handler thread for session 3941f902eeaf7a6991402a357d5f8b85 (chrome): Executing POST on /session/3941f902eeaf7a6991402a357d5f8b85/element/0.688291735044064-6/clear (handler: ServicedSession)
10:02:36.422 INFO - To upstream: 
10:02:36.452 INFO - To downstream: {"sessionId":"3941f902eeaf7a6991402a357d5f8b85","status":0,"value":null}
10:02:37.465 INFO - Found handler: org.openqa.selenium.remote.server.ServicedSession@6d2e6af6
10:02:37.465 INFO - Handler thread for session 3941f902eeaf7a6991402a357d5f8b85 (chrome): Executing POST on /session/3941f902eeaf7a6991402a357d5f8b85/element (handler: ServicedSession)
10:02:37.465 INFO - To upstream: {"using":"css selector","value":"button[name=\"cancel\"]"}
10:02:37.503 INFO - To downstream: {"sessionId":"3941f902eeaf7a6991402a357d5f8b85","status":0,"value":{"ELEMENT":"0.688291735044064-7"}}
10:02:37.503 INFO - Found handler: org.openqa.selenium.remote.server.ServicedSession@6d2e6af6
10:02:37.503 INFO - Handler thread for session 3941f902eeaf7a6991402a357d5f8b85 (chrome): Executing POST on /session/3941f902eeaf7a6991402a357d5f8b85/element/0.688291735044064-7/click (handler: ServicedSession)
10:02:37.503 INFO - To upstream: 
10:02:37.623 INFO - To downstream: {"sessionId":"3941f902eeaf7a6991402a357d5f8b85","status":0,"value":null}
10:02:42.631 INFO - Found handler: org.openqa.selenium.remote.server.ServicedSession@6d2e6af6
10:02:42.631 INFO - Handler thread for session 3941f902eeaf7a6991402a357d5f8b85 (chrome): Executing POST on /session/3941f902eeaf7a6991402a357d5f8b85/elements (handler: ServicedSession)
10:02:42.631 INFO - To upstream: {"using":"css selector","value":"input[name=\"nameEntry\"]"}
10:02:42.652 INFO - To downstream: {"sessionId":"3941f902eeaf7a6991402a357d5f8b85","status":0,"value":[{"ELEMENT":"0.688291735044064-4"}]}
10:02:42.652 INFO - Found handler: org.openqa.selenium.remote.server.ServicedSession@6d2e6af6
10:02:42.652 INFO - Handler thread for session 3941f902eeaf7a6991402a357d5f8b85 (chrome): Executing GET on /session/3941f902eeaf7a6991402a357d5f8b85/element/0.688291735044064-4/attribute/value (handler: ServicedSession)
10:02:42.668 INFO - To downstream: {"sessionId":"3941f902eeaf7a6991402a357d5f8b85","status":0,"value":"Dollie Berry"}
10:02:42.684 INFO - Found handler: org.openqa.selenium.remote.server.ServicedSession@6d2e6af6
10:02:42.684 INFO - Handler thread for session 3941f902eeaf7a6991402a357d5f8b85 (chrome): Executing POST on /session/3941f902eeaf7a6991402a357d5f8b85/elements (handler: ServicedSession)
10:02:42.684 INFO - To upstream: {"using":"css selector","value":"input[name=\"phoneEntry\"]"}
10:02:42.733 INFO - To downstream: {"sessionId":"3941f902eeaf7a6991402a357d5f8b85","status":0,"value":[{"ELEMENT":"0.688291735044064-5"}]}
10:02:42.740 INFO - Found handler: org.openqa.selenium.remote.server.ServicedSession@6d2e6af6
10:02:42.741 INFO - Handler thread for session 3941f902eeaf7a6991402a357d5f8b85 (chrome): Executing GET on /session/3941f902eeaf7a6991402a357d5f8b85/element/0.688291735044064-5/attribute/value (handler: ServicedSession)
10:02:42.760 INFO - To downstream: {"sessionId":"3941f902eeaf7a6991402a357d5f8b85","status":0,"value":"4873459812"}
10:02:42.771 INFO - Found handler: org.openqa.selenium.remote.server.ServicedSession@6d2e6af6
10:02:42.771 INFO - Handler thread for session 3941f902eeaf7a6991402a357d5f8b85 (chrome): Executing POST on /session/3941f902eeaf7a6991402a357d5f8b85/elements (handler: ServicedSession)
10:02:42.775 INFO - To upstream: {"using":"css selector","value":"input[name=\"titleEntry\"]"}
10:02:42.811 INFO - To downstream: {"sessionId":"3941f902eeaf7a6991402a357d5f8b85","status":0,"value":[{"ELEMENT":"0.688291735044064-6"}]}
10:02:42.818 INFO - Found handler: org.openqa.selenium.remote.server.ServicedSession@6d2e6af6
10:02:42.818 INFO - Handler thread for session 3941f902eeaf7a6991402a357d5f8b85 (chrome): Executing GET on /session/3941f902eeaf7a6991402a357d5f8b85/element/0.688291735044064-6/attribute/value (handler: ServicedSession)
10:02:42.830 INFO - To downstream: {"sessionId":"3941f902eeaf7a6991402a357d5f8b85","status":0,"value":"Front-End Developer"}
10:02:42.868 INFO - Found handler: org.openqa.selenium.remote.server.ServicedSession@6d2e6af6
10:02:42.868 INFO - Handler thread for session 3941f902eeaf7a6991402a357d5f8b85 (chrome): Executing POST on /session/3941f902eeaf7a6991402a357d5f8b85/url (handler: ServicedSession)
10:02:42.871 INFO - To upstream: {"url":"http://localhost:3000"}
10:02:43.061 INFO - To downstream: {"sessionId":"3941f902eeaf7a6991402a357d5f8b85","status":0,"value":null}
10:02:43.065 INFO - Found handler: org.openqa.selenium.remote.server.ServicedSession@6d2e6af6
10:02:43.065 INFO - Handler thread for session 3941f902eeaf7a6991402a357d5f8b85 (chrome): Executing POST on /session/3941f902eeaf7a6991402a357d5f8b85/elements (handler: ServicedSession)
10:02:43.069 INFO - To upstream: {"using":"css selector","value":"span[class=\"titleText\"]"}
10:02:43.081 INFO - To downstream: {"sessionId":"3941f902eeaf7a6991402a357d5f8b85","status":0,"value":[{"ELEMENT":"0.22915414502338782-1"}]}
10:02:43.081 INFO - Found handler: org.openqa.selenium.remote.server.ServicedSession@6d2e6af6
10:02:43.085 INFO - Handler thread for session 3941f902eeaf7a6991402a357d5f8b85 (chrome): Executing GET on /session/3941f902eeaf7a6991402a357d5f8b85/element/0.22915414502338782-1/text (handler: ServicedSession)
10:02:43.097 INFO - To downstream: {"sessionId":"3941f902eeaf7a6991402a357d5f8b85","status":0,"value":"Employee Manager"}
10:02:43.113 INFO - Found handler: org.openqa.selenium.remote.server.ServicedSession@6d2e6af6
10:02:43.113 INFO - Handler thread for session 3941f902eeaf7a6991402a357d5f8b85 (chrome): Executing POST on /session/3941f902eeaf7a6991402a357d5f8b85/elements (handler: ServicedSession)
10:02:43.113 INFO - To upstream: {"using":"css selector","value":"p[id=\"noEmployee\"]"}
10:02:43.113 INFO - To downstream: {"sessionId":"3941f902eeaf7a6991402a357d5f8b85","status":0,"value":[{"ELEMENT":"0.22915414502338782-2"}]}
10:02:43.128 INFO - Found handler: org.openqa.selenium.remote.server.ServicedSession@6d2e6af6
10:02:43.128 INFO - Handler thread for session 3941f902eeaf7a6991402a357d5f8b85 (chrome): Executing GET on /session/3941f902eeaf7a6991402a357d5f8b85/element/0.22915414502338782-2/text (handler: ServicedSession)
10:02:43.144 INFO - To downstream: {"sessionId":"3941f902eeaf7a6991402a357d5f8b85","status":0,"value":"No Employee Selected"}
10:02:43.149 INFO - Found handler: org.openqa.selenium.remote.server.ServicedSession@6d2e6af6
10:02:43.149 INFO - Handler thread for session 3941f902eeaf7a6991402a357d5f8b85 (chrome): Executing POST on /session/3941f902eeaf7a6991402a357d5f8b85/elements (handler: ServicedSession)
10:02:43.151 INFO - To upstream: {"using":"css selector","value":"li[name=\"employee7\"]"}
10:02:43.162 INFO - To downstream: {"sessionId":"3941f902eeaf7a6991402a357d5f8b85","status":0,"value":[{"ELEMENT":"0.22915414502338782-3"}]}
10:02:43.165 INFO - Found handler: org.openqa.selenium.remote.server.ServicedSession@6d2e6af6
10:02:43.166 INFO - Handler thread for session 3941f902eeaf7a6991402a357d5f8b85 (chrome): Executing GET on /session/3941f902eeaf7a6991402a357d5f8b85/element/0.22915414502338782-3/displayed (handler: ServicedSession)
10:02:43.179 INFO - To downstream: {"sessionId":"3941f902eeaf7a6991402a357d5f8b85","status":0,"value":true}
10:02:43.184 INFO - Found handler: org.openqa.selenium.remote.server.ServicedSession@6d2e6af6
10:02:43.184 INFO - Handler thread for session 3941f902eeaf7a6991402a357d5f8b85 (chrome): Executing POST on /session/3941f902eeaf7a6991402a357d5f8b85/elements (handler: ServicedSession)
10:02:43.185 INFO - To upstream: {"using":"css selector","value":"li[name=\"employee7\"]"}
10:02:43.193 INFO - To downstream: {"sessionId":"3941f902eeaf7a6991402a357d5f8b85","status":0,"value":[{"ELEMENT":"0.22915414502338782-3"}]}
10:02:43.195 INFO - Found handler: org.openqa.selenium.remote.server.ServicedSession@6d2e6af6
10:02:43.195 INFO - Handler thread for session 3941f902eeaf7a6991402a357d5f8b85 (chrome): Executing GET on /session/3941f902eeaf7a6991402a357d5f8b85/element/0.22915414502338782-3/text (handler: ServicedSession)
10:02:43.208 INFO - To downstream: {"sessionId":"3941f902eeaf7a6991402a357d5f8b85","status":0,"value":"Ruby Estrada"}
10:02:43.212 INFO - Found handler: org.openqa.selenium.remote.server.ServicedSession@6d2e6af6
10:02:43.212 INFO - Handler thread for session 3941f902eeaf7a6991402a357d5f8b85 (chrome): Executing POST on /session/3941f902eeaf7a6991402a357d5f8b85/element (handler: ServicedSession)
10:02:43.216 INFO - To upstream: {"using":"css selector","value":"li[name=\"employee7\"]"}
10:02:43.230 INFO - To downstream: {"sessionId":"3941f902eeaf7a6991402a357d5f8b85","status":0,"value":{"ELEMENT":"0.22915414502338782-3"}}
10:02:43.232 INFO - Found handler: org.openqa.selenium.remote.server.ServicedSession@6d2e6af6
10:02:43.232 INFO - Handler thread for session 3941f902eeaf7a6991402a357d5f8b85 (chrome): Executing POST on /session/3941f902eeaf7a6991402a357d5f8b85/element/0.22915414502338782-3/click (handler: ServicedSession)
10:02:43.233 INFO - To upstream: 
10:02:43.282 INFO - To downstream: {"sessionId":"3941f902eeaf7a6991402a357d5f8b85","status":0,"value":null}
10:02:43.286 INFO - Found handler: org.openqa.selenium.remote.server.ServicedSession@6d2e6af6
10:02:43.286 INFO - Handler thread for session 3941f902eeaf7a6991402a357d5f8b85 (chrome): Executing POST on /session/3941f902eeaf7a6991402a357d5f8b85/elements (handler: ServicedSession)
10:02:43.286 INFO - To upstream: {"using":"css selector","value":"span[name=\"employeeID\"]"}
10:02:43.302 INFO - To downstream: {"sessionId":"3941f902eeaf7a6991402a357d5f8b85","status":0,"value":[{"ELEMENT":"0.22915414502338782-4"}]}
10:02:43.306 INFO - Found handler: org.openqa.selenium.remote.server.ServicedSession@6d2e6af6
10:02:43.306 INFO - Handler thread for session 3941f902eeaf7a6991402a357d5f8b85 (chrome): Executing GET on /session/3941f902eeaf7a6991402a357d5f8b85/element/0.22915414502338782-4/displayed (handler: ServicedSession)
10:02:43.333 INFO - To downstream: {"sessionId":"3941f902eeaf7a6991402a357d5f8b85","status":0,"value":true}
10:02:43.340 INFO - Found handler: org.openqa.selenium.remote.server.ServicedSession@6d2e6af6
10:02:43.341 INFO - Handler thread for session 3941f902eeaf7a6991402a357d5f8b85 (chrome): Executing POST on /session/3941f902eeaf7a6991402a357d5f8b85/elements (handler: ServicedSession)
10:02:43.343 INFO - To upstream: {"using":"css selector","value":"span[name=\"employeeID\"]"}
10:02:43.355 INFO - To downstream: {"sessionId":"3941f902eeaf7a6991402a357d5f8b85","status":0,"value":[{"ELEMENT":"0.22915414502338782-4"}]}
10:02:43.360 INFO - Found handler: org.openqa.selenium.remote.server.ServicedSession@6d2e6af6
10:02:43.360 INFO - Handler thread for session 3941f902eeaf7a6991402a357d5f8b85 (chrome): Executing GET on /session/3941f902eeaf7a6991402a357d5f8b85/element/0.22915414502338782-4/text (handler: ServicedSession)
10:02:43.392 INFO - To downstream: {"sessionId":"3941f902eeaf7a6991402a357d5f8b85","status":0,"value":"ID: 7"}
10:02:43.398 INFO - Found handler: org.openqa.selenium.remote.server.ServicedSession@6d2e6af6
10:02:43.398 INFO - Handler thread for session 3941f902eeaf7a6991402a357d5f8b85 (chrome): Executing DELETE on /session/3941f902eeaf7a6991402a357d5f8b85 (handler: ServicedSession)
10:02:43.484 INFO - To downstream: {"sessionId":"3941f902eeaf7a6991402a357d5f8b85","status":0,"value":null}
10:02:43.508 INFO - Removing session org.openqa.selenium.remote.server.ServicedSession@6d2e6af6
